30/06/2023 13:36:00:968 PM - DSCC REST URI: https://eu1.data.cloud.hpe.com/api/v1/storage-systems/Device-Type2
30/06/2023 13:36:02:873 PM - DSCC REST URI: https://eu1.data.cloud.hpe.com/api/v1/storage-systems/device-type2/00444f5e31fd5cb296000000000000000000000001/host-groups
30/06/2023 13:36:03:808 PM - DSCC REST URI: https://eu1.data.cloud.hpe.com/api/v1/host-initiator-groups
30/06/2023 13:46:35:086 PM - DSCC REST URI: https://eu1.data.cloud.hpe.com/api/v1/storage-systems/Device-Type2
30/06/2023 13:46:36:166 PM - DSCC REST URI: https://eu1.data.cloud.hpe.com/api/v1/storage-systems/device-type2/00444f5e31fd5cb296000000000000000000000001/host-groups
30/06/2023 13:46:37:025 PM - DSCC REST URI: https://eu1.data.cloud.hpe.com/api/v1/host-initiator-groups
30/06/2023 13:50:37:494 PM - DSCC REST URI: https://eu1.data.cloud.hpe.com/api/v1/storage-systems/Device-Type2
30/06/2023 13:50:38:059 PM - DSCC REST URI: https://eu1.data.cloud.hpe.com/api/v1/storage-systems/device-type2/00444f5e31fd5cb296000000000000000000000001/host-groups
30/06/2023 13:50:38:662 PM - DSCC REST URI: https://eu1.data.cloud.hpe.com/api/v1/host-initiator-groups
30/06/2023 13:51:32:118 PM - DSCC REST URI: https://eu1.data.cloud.hpe.com/api/v1/storage-systems/Device-Type2
30/06/2023 13:51:32:549 PM - DSCC REST URI: https://eu1.data.cloud.hpe.com/api/v1/storage-systems/device-type2/00444f5e31fd5cb296000000000000000000000001/host-groups
30/06/2023 13:51:33:140 PM - DSCC REST URI: https://eu1.data.cloud.hpe.com/api/v1/host-initiator-groups
30/06/2023 13:53:22:636 PM - DSCC REST URI: https://eu1.data.cloud.hpe.com/api/v1/storage-systems/Device-Type2
30/06/2023 13:53:23:942 PM - DSCC REST URI: https://eu1.data.cloud.hpe.com/api/v1/storage-systems/device-type2/00444f5e31fd5cb296000000000000000000000001/host-groups
30/06/2023 13:53:24:602 PM - DSCC REST URI: https://eu1.data.cloud.hpe.com/api/v1/host-initiator-groups
30/06/2023 13:55:06:014 PM - DSCC REST URI: https://eu1.data.cloud.hpe.com/api/v1/storage-systems/Device-Type2
30/06/2023 13:55:17:513 PM - DSCC REST URI: https://eu1.data.cloud.hpe.com/api/v1/storage-systems/device-type2/00444f5e31fd5cb296000000000000000000000001/host-groups
30/06/2023 13:55:18:617 PM - DSCC REST URI: https://eu1.data.cloud.hpe.com/api/v1/host-initiator-groups
30/06/2023 13:57:18:764 PM - DSCC REST URI: https://eu1.data.cloud.hpe.com/api/v1/storage-systems/Device-Type2
30/06/2023 13:57:19:517 PM - DSCC REST URI: https://eu1.data.cloud.hpe.com/api/v1/storage-systems/device-type2/00444f5e31fd5cb296000000000000000000000001/host-groups
30/06/2023 13:57:20:247 PM - DSCC REST URI: https://eu1.data.cloud.hpe.com/api/v1/host-initiator-groups
30/06/2023 14:02:37:102 PM - DSCC REST URI: https://eu1.data.cloud.hpe.com/api/v1/storage-systems/Device-Type2
30/06/2023 14:02:38:202 PM - DSCC REST URI: https://eu1.data.cloud.hpe.com/api/v1/storage-systems/device-type2/00444f5e31fd5cb296000000000000000000000001/host-groups
30/06/2023 14:02:39:463 PM - DSCC REST URI: https://eu1.data.cloud.hpe.com/api/v1/host-initiator-groups
30/06/2023 14:03:02:404 PM - DSCC REST URI: https://eu1.data.cloud.hpe.com/api/v1/storage-systems/device-type1
30/06/2023 14:03:02:918 PM - DSCC REST URI: https://eu1.data.cloud.hpe.com/api/v1/storage-systems/device-type2
30/06/2023 14:10:13:048 PM - DSCC REST URI: https://eu1.data.cloud.hpe.com/api/v1/storage-systems/Device-Type2
30/06/2023 14:10:13:986 PM - DSCC REST URI: https://eu1.data.cloud.hpe.com/api/v1/storage-systems/device-type2/00444f5e31fd5cb296000000000000000000000001/host-groups
30/06/2023 14:10:14:830 PM - DSCC REST URI: https://eu1.data.cloud.hpe.com/api/v1/host-initiator-groups
30/06/2023 14:10:55:055 PM - DSCC REST URI: https://eu1.data.cloud.hpe.com/api/v1/storage-systems/device-type1
30/06/2023 14:10:56:034 PM - DSCC REST URI: https://eu1.data.cloud.hpe.com/api/v1/storage-systems/device-type2
30/06/2023 14:11:05:252 PM - DSCC REST URI: https://eu1.data.cloud.hpe.com/api/v1/storage-systems/Device-Type1
30/06/2023 14:11:05:827 PM - DSCC REST URI: https://eu1.data.cloud.hpe.com/api/v1/storage-systems/Device-Type2
30/06/2023 14:11:06:252 PM - DSCC REST URI: https://eu1.data.cloud.hpe.com/api/v1/storage-systems/00444f5e31fd5cb296000000000000000000000001/volumes
30/06/2023 14:11:38:090 PM - DSCC REST URI: https://eu1.data.cloud.hpe.com/api/v1/storage-systems/device-type1
30/06/2023 14:11:38:736 PM - DSCC REST URI: https://eu1.data.cloud.hpe.com/api/v1/storage-systems/device-type2
30/06/2023 14:11:42:688 PM - DSCC REST URI: https://eu1.data.cloud.hpe.com/api/v1/storage-systems/Device-Type1
30/06/2023 14:11:43:086 PM - DSCC REST URI: https://eu1.data.cloud.hpe.com/api/v1/storage-systems/CZ294112CB/volumes
30/06/2023 14:52:56:333 PM - DSCC REST URI: https://eu1.data.cloud.hpe.com/api/v1/storage-systems/Device-Type2
30/06/2023 14:52:58:149 PM - DSCC REST URI: https://eu1.data.cloud.hpe.com/api/v1/storage-systems/device-type2/00444f5e31fd5cb296000000000000000000000001/host-groups
30/06/2023 14:52:59:365 PM - DSCC REST URI: https://eu1.data.cloud.hpe.com/api/v1/host-initiator-groups
30/06/2023 14:52:59:903 PM - DSCC REST URI: https://eu1.data.cloud.hpe.com/api/v1/storage-systems/device-type1
30/06/2023 14:53:05:563 PM - DSCC REST URI: https://eu1.data.cloud.hpe.com/api/v1/storage-systems/device-type2
30/06/2023 14:55:11:739 PM - DSCC REST URI: https://eu1.data.cloud.hpe.com/api/v1/storage-systems/Device-Type2
30/06/2023 14:55:12:418 PM - DSCC REST URI: https://eu1.data.cloud.hpe.com/api/v1/storage-systems/device-type2/00444f5e31fd5cb296000000000000000000000001/host-groups
30/06/2023 14:55:13:398 PM - DSCC REST URI: https://eu1.data.cloud.hpe.com/api/v1/host-initiator-groups
30/06/2023 14:55:16:223 PM - DSCC REST URI: https://eu1.data.cloud.hpe.com/api/v1/storage-systems/device-type1
30/06/2023 14:55:19:088 PM - DSCC REST URI: https://eu1.data.cloud.hpe.com/api/v1/storage-systems/device-type2
30/06/2023 14:56:09:813 PM - DSCC REST URI: https://eu1.data.cloud.hpe.com/api/v1/storage-systems/device-type1
30/06/2023 14:56:10:402 PM - DSCC REST URI: https://eu1.data.cloud.hpe.com/api/v1/storage-systems/device-type2
30/06/2023 14:57:48:036 PM - DSCC REST URI: https://eu1.data.cloud.hpe.com/api/v1/storage-systems/Device-Type2
30/06/2023 14:57:48:565 PM - DSCC REST URI: https://eu1.data.cloud.hpe.com/api/v1/storage-systems/device-type2/00444f5e31fd5cb296000000000000000000000001/host-groups
30/06/2023 14:57:49:667 PM - DSCC REST URI: https://eu1.data.cloud.hpe.com/api/v1/host-initiator-groups
30/06/2023 14:57:49:993 PM - DSCC REST URI: https://eu1.data.cloud.hpe.com/api/v1/storage-systems/device-type1
30/06/2023 14:57:50:468 PM - DSCC REST URI: https://eu1.data.cloud.hpe.com/api/v1/storage-systems/device-type2
30/06/2023 14:59:01:089 PM - DSCC REST URI: https://eu1.data.cloud.hpe.com/api/v1/storage-systems/Device-Type2
30/06/2023 14:59:02:182 PM - DSCC REST URI: https://eu1.data.cloud.hpe.com/api/v1/storage-systems/device-type2/00444f5e31fd5cb296000000000000000000000001/host-groups
30/06/2023 14:59:02:859 PM - DSCC REST URI: https://eu1.data.cloud.hpe.com/api/v1/host-initiator-groups
30/06/2023 14:59:03:138 PM - DSCC REST URI: https://eu1.data.cloud.hpe.com/api/v1/storage-systems/device-type1
30/06/2023 14:59:04:103 PM - DSCC REST URI: https://eu1.data.cloud.hpe.com/api/v1/storage-systems/device-type2
30/06/2023 15:00:34:971 PM - DSCC REST URI: https://eu1.data.cloud.hpe.com/api/v1/storage-systems/Device-Type2
30/06/2023 15:00:35:536 PM - DSCC REST URI: https://eu1.data.cloud.hpe.com/api/v1/storage-systems/device-type2/00444f5e31fd5cb296000000000000000000000001/host-groups
30/06/2023 15:00:36:214 PM - DSCC REST URI: https://eu1.data.cloud.hpe.com/api/v1/host-initiator-groups
30/06/2023 15:00:36:743 PM - DSCC REST URI: https://eu1.data.cloud.hpe.com/api/v1/storage-systems/device-type1
30/06/2023 15:00:37:220 PM - DSCC REST URI: https://eu1.data.cloud.hpe.com/api/v1/storage-systems/device-type2
30/06/2023 15:02:11:110 PM - DSCC REST URI: https://eu1.data.cloud.hpe.com/api/v1/storage-systems/Device-Type2
30/06/2023 15:02:14:116 PM - DSCC REST URI: https://eu1.data.cloud.hpe.com/api/v1/storage-systems/device-type2/00444f5e31fd5cb296000000000000000000000001/host-groups
30/06/2023 15:02:15:060 PM - DSCC REST URI: https://eu1.data.cloud.hpe.com/api/v1/host-initiator-groups
30/06/2023 15:02:15:440 PM - DSCC REST URI: https://eu1.data.cloud.hpe.com/api/v1/storage-systems/device-type1
30/06/2023 15:02:16:842 PM - DSCC REST URI: https://eu1.data.cloud.hpe.com/api/v1/storage-systems/device-type2
30/06/2023 15:05:39:596 PM - DSCC REST URI: https://eu1.data.cloud.hpe.com/api/v1/storage-systems/Device-Type2
30/06/2023 15:05:42:533 PM - DSCC REST URI: https://eu1.data.cloud.hpe.com/api/v1/storage-systems/device-type2/00444f5e31fd5cb296000000000000000000000001/host-groups
30/06/2023 15:05:43:332 PM - DSCC REST URI: https://eu1.data.cloud.hpe.com/api/v1/host-initiator-groups
30/06/2023 15:05:43:848 PM - DSCC REST URI: https://eu1.data.cloud.hpe.com/api/v1/storage-systems/device-type1
30/06/2023 15:05:46:287 PM - DSCC REST URI: https://eu1.data.cloud.hpe.com/api/v1/storage-systems/device-type2
30/06/2023 15:07:07:899 PM - DSCC REST URI: https://eu1.data.cloud.hpe.com/api/v1/storage-systems/Device-Type2
30/06/2023 15:07:15:307 PM - DSCC REST URI: https://eu1.data.cloud.hpe.com/api/v1/storage-systems/device-type2/00444f5e31fd5cb296000000000000000000000001/host-groups
30/06/2023 15:07:16:067 PM - DSCC REST URI: https://eu1.data.cloud.hpe.com/api/v1/host-initiator-groups
30/06/2023 15:07:16:436 PM - DSCC REST URI: https://eu1.data.cloud.hpe.com/api/v1/storage-systems/device-type1
30/06/2023 15:07:16:989 PM - DSCC REST URI: https://eu1.data.cloud.hpe.com/api/v1/storage-systems/device-type2
30/06/2023 15:07:44:588 PM - DSCC REST URI: https://eu1.data.cloud.hpe.com/api/v1/storage-systems/Device-Type2
30/06/2023 15:07:45:018 PM - DSCC REST URI: https://eu1.data.cloud.hpe.com/api/v1/storage-systems/device-type2/00444f5e31fd5cb296000000000000000000000001/host-groups
30/06/2023 15:07:45:580 PM - DSCC REST URI: https://eu1.data.cloud.hpe.com/api/v1/host-initiator-groups
30/06/2023 15:07:45:907 PM - DSCC REST URI: https://eu1.data.cloud.hpe.com/api/v1/storage-systems/device-type1
30/06/2023 15:07:46:247 PM - DSCC REST URI: https://eu1.data.cloud.hpe.com/api/v1/storage-systems/device-type2
30/06/2023 15:08:15:581 PM - DSCC REST URI: https://eu1.data.cloud.hpe.com/api/v1/storage-systems/Device-Type2
30/06/2023 15:08:16:111 PM - DSCC REST URI: https://eu1.data.cloud.hpe.com/api/v1/storage-systems/device-type2/00444f5e31fd5cb296000000000000000000000001/host-groups
30/06/2023 15:08:16:890 PM - DSCC REST URI: https://eu1.data.cloud.hpe.com/api/v1/host-initiator-groups
30/06/2023 15:08:17:340 PM - DSCC REST URI: https://eu1.data.cloud.hpe.com/api/v1/storage-systems/device-type1
30/06/2023 15:08:18:033 PM - DSCC REST URI: https://eu1.data.cloud.hpe.com/api/v1/storage-systems/device-type2
30/06/2023 15:10:51:499 PM - DSCC REST URI: https://eu1.data.cloud.hpe.com/api/v1/storage-systems/Device-Type2
30/06/2023 15:10:52:537 PM - DSCC REST URI: https://eu1.data.cloud.hpe.com/api/v1/storage-systems/device-type2/00444f5e31fd5cb296000000000000000000000001/host-groups
30/06/2023 15:10:53:532 PM - DSCC REST URI: https://eu1.data.cloud.hpe.com/api/v1/host-initiator-groups
30/06/2023 15:10:54:177 PM - DSCC REST URI: https://eu1.data.cloud.hpe.com/api/v1/storage-systems/device-type1
30/06/2023 15:10:54:740 PM - DSCC REST URI: https://eu1.data.cloud.hpe.com/api/v1/storage-systems/device-type2
30/06/2023 15:14:12:078 PM - DSCC REST URI: https://eu1.data.cloud.hpe.com/api/v1/storage-systems/Device-Type2
30/06/2023 15:14:15:414 PM - DSCC REST URI: https://eu1.data.cloud.hpe.com/api/v1/storage-systems/device-type2/00444f5e31fd5cb296000000000000000000000001/host-groups
30/06/2023 15:14:16:396 PM - DSCC REST URI: https://eu1.data.cloud.hpe.com/api/v1/host-initiator-groups
30/06/2023 15:14:16:790 PM - DSCC REST URI: https://eu1.data.cloud.hpe.com/api/v1/storage-systems/device-type1
30/06/2023 15:14:17:570 PM - DSCC REST URI: https://eu1.data.cloud.hpe.com/api/v1/storage-systems/device-type2
30/06/2023 15:23:33:766 PM - DSCC REST URI: https://eu1.data.cloud.hpe.com/api/v1/storage-systems/Device-Type2
30/06/2023 15:23:36:733 PM - DSCC REST URI: https://eu1.data.cloud.hpe.com/api/v1/storage-systems/device-type2/00444f5e31fd5cb296000000000000000000000001/host-groups
30/06/2023 15:23:37:863 PM - DSCC REST URI: https://eu1.data.cloud.hpe.com/api/v1/host-initiator-groups
30/06/2023 15:23:38:278 PM - DSCC REST URI: https://eu1.data.cloud.hpe.com/api/v1/storage-systems/device-type1
30/06/2023 15:23:47:760 PM - DSCC REST URI: https://eu1.data.cloud.hpe.com/api/v1/storage-systems/device-type2
30/06/2023 15:25:53:305 PM - DSCC REST URI: https://eu1.data.cloud.hpe.com/api/v1/storage-systems/Device-Type2
30/06/2023 15:25:54:103 PM - DSCC REST URI: https://eu1.data.cloud.hpe.com/api/v1/storage-systems/device-type2/00444f5e31fd5cb296000000000000000000000001/host-groups
30/06/2023 15:25:54:973 PM - DSCC REST URI: https://eu1.data.cloud.hpe.com/api/v1/host-initiator-groups
30/06/2023 15:25:55:538 PM - DSCC REST URI: https://eu1.data.cloud.hpe.com/api/v1/storage-systems/device-type1
30/06/2023 15:25:57:823 PM - DSCC REST URI: https://eu1.data.cloud.hpe.com/api/v1/storage-systems/device-type2
30/06/2023 15:27:13:938 PM - DSCC REST URI: https://eu1.data.cloud.hpe.com/api/v1/storage-systems/Device-Type2
30/06/2023 15:27:20:866 PM - DSCC REST URI: https://eu1.data.cloud.hpe.com/api/v1/storage-systems/device-type2/00444f5e31fd5cb296000000000000000000000001/host-groups
30/06/2023 15:27:21:576 PM - DSCC REST URI: https://eu1.data.cloud.hpe.com/api/v1/host-initiator-groups
30/06/2023 15:27:21:919 PM - DSCC REST URI: https://eu1.data.cloud.hpe.com/api/v1/storage-systems/device-type1
30/06/2023 15:27:22:395 PM - DSCC REST URI: https://eu1.data.cloud.hpe.com/api/v1/storage-systems/device-type2
30/06/2023 15:28:21:077 PM - DSCC REST URI: https://eu1.data.cloud.hpe.com/api/v1/storage-systems/device-type1
30/06/2023 15:28:22:124 PM - DSCC REST URI: https://eu1.data.cloud.hpe.com/api/v1/storage-systems/device-type2
30/06/2023 15:32:50:111 PM - DSCC REST URI: https://eu1.data.cloud.hpe.com/api/v1/storage-systems/Device-Type2
30/06/2023 15:32:51:173 PM - DSCC REST URI: https://eu1.data.cloud.hpe.com/api/v1/storage-systems/device-type2/00444f5e31fd5cb296000000000000000000000001/host-groups
30/06/2023 15:32:52:033 PM - DSCC REST URI: https://eu1.data.cloud.hpe.com/api/v1/host-initiator-groups
30/06/2023 15:32:52:691 PM - DSCC REST URI: https://eu1.data.cloud.hpe.com/api/v1/storage-systems/device-type1
30/06/2023 15:32:53:310 PM - DSCC REST URI: https://eu1.data.cloud.hpe.com/api/v1/storage-systems/device-type2
30/06/2023 15:33:52:329 PM - DSCC REST URI: https://eu1.data.cloud.hpe.com/api/v1/storage-systems/Device-Type2
30/06/2023 15:33:52:926 PM - DSCC REST URI: https://eu1.data.cloud.hpe.com/api/v1/storage-systems/device-type2/00444f5e31fd5cb296000000000000000000000001/host-groups
30/06/2023 15:33:53:769 PM - DSCC REST URI: https://eu1.data.cloud.hpe.com/api/v1/host-initiator-groups
30/06/2023 15:33:54:042 PM - DSCC REST URI: https://eu1.data.cloud.hpe.com/api/v1/storage-systems/device-type1
30/06/2023 15:33:54:807 PM - DSCC REST URI: https://eu1.data.cloud.hpe.com/api/v1/storage-systems/device-type2
30/06/2023 15:35:47:219 PM - DSCC REST URI: https://eu1.data.cloud.hpe.com/api/v1/storage-systems/Device-Type2
30/06/2023 15:35:47:788 PM - DSCC REST URI: https://eu1.data.cloud.hpe.com/api/v1/storage-systems/device-type2/00444f5e31fd5cb296000000000000000000000001/host-groups
30/06/2023 15:35:48:436 PM - DSCC REST URI: https://eu1.data.cloud.hpe.com/api/v1/host-initiator-groups
30/06/2023 15:35:48:807 PM - DSCC REST URI: https://eu1.data.cloud.hpe.com/api/v1/storage-systems/device-type1
30/06/2023 15:35:49:506 PM - DSCC REST URI: https://eu1.data.cloud.hpe.com/api/v1/storage-systems/device-type2
30/06/2023 15:38:37:959 PM - DSCC REST URI: https://eu1.data.cloud.hpe.com/api/v1/storage-systems/Device-Type2
30/06/2023 15:38:43:757 PM - DSCC REST URI: https://eu1.data.cloud.hpe.com/api/v1/storage-systems/device-type2/00444f5e31fd5cb296000000000000000000000001/host-groups
30/06/2023 15:38:44:660 PM - DSCC REST URI: https://eu1.data.cloud.hpe.com/api/v1/host-initiator-groups
30/06/2023 15:38:45:175 PM - DSCC REST URI: https://eu1.data.cloud.hpe.com/api/v1/storage-systems/device-type1
30/06/2023 15:38:45:901 PM - DSCC REST URI: https://eu1.data.cloud.hpe.com/api/v1/storage-systems/device-type2
30/06/2023 15:39:23:862 PM - DSCC REST URI: https://eu1.data.cloud.hpe.com/api/v1/storage-systems/device-type1
30/06/2023 15:39:24:504 PM - DSCC REST URI: https://eu1.data.cloud.hpe.com/api/v1/storage-systems/device-type2
30/06/2023 15:54:02:823 PM - DSCC REST URI: https://eu1.data.cloud.hpe.com/api/v1/storage-systems/Device-Type2
30/06/2023 15:54:03:805 PM - DSCC REST URI: https://eu1.data.cloud.hpe.com/api/v1/storage-systems/device-type2/00444f5e31fd5cb296000000000000000000000001/host-groups
30/06/2023 15:54:04:818 PM - DSCC REST URI: https://eu1.data.cloud.hpe.com/api/v1/host-initiator-groups
30/06/2023 15:54:05:134 PM - DSCC REST URI: https://eu1.data.cloud.hpe.com/api/v1/storage-systems/device-type1
30/06/2023 15:54:05:632 PM - DSCC REST URI: https://eu1.data.cloud.hpe.com/api/v1/storage-systems/device-type2
30/06/2023 15:56:03:241 PM - DSCC REST URI: https://eu1.data.cloud.hpe.com/api/v1/storage-systems/Device-Type2
30/06/2023 15:56:03:968 PM - DSCC REST URI: https://eu1.data.cloud.hpe.com/api/v1/storage-systems/device-type2/00444f5e31fd5cb296000000000000000000000001/host-groups
30/06/2023 15:56:04:859 PM - DSCC REST URI: https://eu1.data.cloud.hpe.com/api/v1/host-initiator-groups
30/06/2023 15:56:06:931 PM - DSCC REST URI: https://eu1.data.cloud.hpe.com/api/v1/storage-systems/device-type1
30/06/2023 15:56:07:465 PM - DSCC REST URI: https://eu1.data.cloud.hpe.com/api/v1/storage-systems/device-type2
30/06/2023 15:57:26:240 PM - DSCC REST URI: https://eu1.data.cloud.hpe.com/api/v1/storage-systems/device-type1
30/06/2023 15:57:27:211 PM - DSCC REST URI: https://eu1.data.cloud.hpe.com/api/v1/storage-systems/device-type2
30/06/2023 16:01:08:205 PM - DSCC REST URI: https://eu1.data.cloud.hpe.com/api/v1/storage-systems/Device-Type2
30/06/2023 16:01:09:312 PM - DSCC REST URI: https://eu1.data.cloud.hpe.com/api/v1/storage-systems/device-type2/00444f5e31fd5cb296000000000000000000000001/host-groups
30/06/2023 16:01:10:707 PM - DSCC REST URI: https://eu1.data.cloud.hpe.com/api/v1/host-initiator-groups
30/06/2023 16:01:11:323 PM - DSCC REST URI: https://eu1.data.cloud.hpe.com/api/v1/storage-systems/device-type1
30/06/2023 16:01:11:769 PM - DSCC REST URI: https://eu1.data.cloud.hpe.com/api/v1/storage-systems/device-type2
30/06/2023 16:03:05:817 PM - DSCC REST URI: https://eu1.data.cloud.hpe.com/api/v1/storage-systems/device-type1
30/06/2023 16:03:06:831 PM - DSCC REST URI: https://eu1.data.cloud.hpe.com/api/v1/storage-systems/device-type2
30/06/2023 16:06:23:933 PM - DSCC REST URI: https://eu1.data.cloud.hpe.com/api/v1/storage-systems/Device-Type2
30/06/2023 16:06:24:756 PM - DSCC REST URI: https://eu1.data.cloud.hpe.com/api/v1/storage-systems/device-type2/00444f5e31fd5cb296000000000000000000000001/host-groups
30/06/2023 16:06:25:806 PM - DSCC REST URI: https://eu1.data.cloud.hpe.com/api/v1/host-initiator-groups
30/06/2023 16:06:26:528 PM - DSCC REST URI: https://eu1.data.cloud.hpe.com/api/v1/storage-systems/device-type1
30/06/2023 16:06:27:203 PM - DSCC REST URI: https://eu1.data.cloud.hpe.com/api/v1/storage-systems/device-type2
30/06/2023 16:06:38:874 PM - DSCC REST URI: https://eu1.data.cloud.hpe.com/api/v1/storage-systems/device-type1
30/06/2023 16:06:42:515 PM - DSCC REST URI: https://eu1.data.cloud.hpe.com/api/v1/storage-systems/device-type2
